Log file open, 10/15/23 00:12:36
LogWindows: Failed to load 'aqProf.dll' (GetLastError=126)
LogWindows: File 'aqProf.dll' does not exist
LogWindows: Failed to load 'VtuneApi.dll' (GetLastError=126)
LogWindows: File 'VtuneApi.dll' does not exist
LogWindows: Failed to load 'VtuneApi32e.dll' (GetLastError=126)
LogWindows: File 'VtuneApi32e.dll' does not exist
LogConsoleResponse: Display: Failed to find resolution value strings in scalability ini. Falling back to default.
LogConsoleResponse: Display: Failed to find resolution value strings in scalability ini. Falling back to default.
LogInit: Display: Running engine for game: MyProject
LogPlatformFile: Not using cached read wrapper
LogTaskGraph: Started task graph with 5 named threads and 47 total threads with 3 sets of task threads.
LogStats: Stats thread started at 0.209219
LogICUInternationalization: ICU TimeZone Detection - Raw Offset: +0:00, Platform Override: ''
LogInit: Display: Loading text-based GConfig....
LogPluginManager: Mounting plugin MeshPainting
LogPluginManager: Mounting plugin XGEController
LogPluginManager: Mounting plugin Paper2D
LogPluginManager: Mounting plugin EnvironmentQueryEditor
LogPluginManager: Mounting plugin LightPropagationVolume
LogPluginManager: Mounting plugin AISupport
LogPluginManager: Mounting plugin LiveLink
LogPluginManager: Mounting plugin CameraShakePreviewer
LogPluginManager: Mounting plugin GameplayCameras
LogPluginManager: Mounting plugin OodleNetwork
LogPluginManager: Mounting plugin OodleData
LogPluginManager: Mounting plugin AnimationSharing
LogPluginManager: Mounting plugin CLionSourceCodeAccess
LogPluginManager: Mounting plugin CodeLiteSourceCodeAccess
LogPluginManager: Mounting plugin AssetManagerEditor
LogPluginManager: Mounting plugin GitSourceControl
LogPluginManager: Mounting plugin KDevelopSourceCodeAccess
LogPluginManager: Mounting plugin NullSourceCodeAccess
LogPluginManager: Mounting plugin PerforceSourceControl
LogPluginManager: Mounting plugin PixWinPlugin
LogPluginManager: Mounting plugin PluginUtils
LogPluginManager: Mounting plugin PlasticSourceControl
LogPluginManager: Mounting plugin PropertyAccessNode
LogPluginManager: Mounting plugin SubversionSourceControl
LogPluginManager: Mounting plugin RiderSourceCodeAccess
LogPluginManager: Mounting plugin TextureFormatOodle
LogPluginManager: Mounting plugin UObjectPlugin
LogPluginManager: Mounting plugin VisualStudioCodeSourceCodeAccess
LogPluginManager: Mounting plugin CurveEditorTools
LogPluginManager: Mounting plugin CryptoKeys
LogPluginManager: Mounting plugin VisualStudioSourceCodeAccess
LogPluginManager: Mounting plugin DataValidation
LogPluginManager: Mounting plugin FacialAnimation
LogPluginManager: Mounting plugin GameplayTagsEditor
LogPluginManager: Mounting plugin GeometryMode
LogPluginManager: Mounting plugin MacGraphicsSwitching
LogPluginManager: Mounting plugin XCodeSourceCodeAccess
LogPluginManager: Mounting plugin MaterialAnalyzer
LogPluginManager: Mounting plugin MobileLauncherProfileWizard
LogPluginManager: Mounting plugin PluginBrowser
LogPluginManager: Mounting plugin SpeedTreeImporter
LogPluginManager: Mounting plugin AlembicImporter
LogPluginManager: Mounting plugin DatasmithContent
LogPluginManager: Mounting plugin AutomationUtils
LogPluginManager: Mounting plugin BackChannel
LogPluginManager: Mounting plugin VariantManagerContent
LogPluginManager: Mounting plugin ChaosCloth
LogPluginManager: Mounting plugin ChaosClothEditor
LogPluginManager: Mounting plugin ChaosEditor
LogPluginManager: Mounting plugin ChaosNiagara
LogPluginManager: Mounting plugin ChaosSolverPlugin
LogPluginManager: Mounting plugin CharacterAI
LogPluginManager: Mounting plugin Niagara
LogPluginManager: Mounting plugin GeometryCache
LogPluginManager: Mounting plugin GeometryProcessing
LogPluginManager: Mounting plugin GeometryCollectionPlugin
LogPluginManager: Mounting plugin MotoSynth
LogPluginManager: Mounting plugin OpenImageDenoise
LogPluginManager: Mounting plugin PlatformCrypto
LogPluginManager: Mounting plugin PlanarCut
LogPluginManager: Mounting plugin PythonScriptPlugin
LogPluginManager: Mounting plugin ProxyLODPlugin
LogPluginManager: Mounting plugin LuminPlatformFeatures
LogPluginManager: Mounting plugin MagicLeap
LogPluginManager: Mounting plugin SkeletalReduction
LogPluginManager: Mounting plugin MagicLeapLightEstimation
LogPluginManager: Mounting plugin AndroidMedia
LogPluginManager: Mounting plugin MagicLeapMedia
LogPluginManager: Mounting plugin MagicLeapPassableWorld
LogPluginManager: Mounting plugin MLSDK
LogPluginManager: Mounting plugin AvfMedia
LogPluginManager: Mounting plugin ImgMedia
LogPluginManager: Mounting plugin MediaCompositing
LogPluginManager: Mounting plugin MediaPlayerEditor
LogPluginManager: Mounting plugin WebMMedia
LogPluginManager: Mounting plugin WmfMedia
LogPluginManager: Mounting plugin TcpMessaging
LogPluginManager: Mounting plugin ActorSequence
LogPluginManager: Mounting plugin UdpMessaging
LogPluginManager: Mounting plugin LevelSequenceEditor
LogPluginManager: Mounting plugin MatineeToLevelSequence
LogPluginManager: Mounting plugin TemplateSequence
LogPluginManager: Mounting plugin OnlineSubsystem
LogPluginManager: Mounting plugin LauncherChunkInstaller
LogPluginManager: Mounting plugin ActorLayerUtilities
LogPluginManager: Mounting plugin OnlineSubsystemNull
LogPluginManager: Mounting plugin OnlineSubsystemUtils
LogPluginManager: Mounting plugin AndroidDeviceProfileSelector
LogPluginManager: Mounting plugin AndroidMoviePlayer
LogPluginManager: Mounting plugin AndroidPermission
LogPluginManager: Mounting plugin AppleMoviePlayer
LogPluginManager: Mounting plugin AppleImageUtils
LogPluginManager: Mounting plugin AudioCapture
LogPluginManager: Mounting plugin ArchVisCharacter
LogPluginManager: Mounting plugin AssetTags
LogPluginManager: Mounting plugin AudioSynesthesia
LogPluginManager: Mounting plugin CableComponent
LogPluginManager: Mounting plugin ChunkDownloader
LogPluginManager: Mounting plugin CustomMeshComponent
LogPluginManager: Mounting plugin EditableMesh
LogPluginManager: Mounting plugin ExampleDeviceProfileSelector
LogPluginManager: Mounting plugin GoogleCloudMessaging
LogPluginManager: Mounting plugin GooglePAD
LogPluginManager: Mounting plugin IOSDeviceProfileSelector
LogPluginManager: Mounting plugin LinuxDeviceProfileSelector
LogPluginManager: Mounting plugin LocationServicesBPLibrary
LogPluginManager: Mounting plugin MobilePatchingUtils
LogPluginManager: Mounting plugin OpenXREyeTracker
LogPluginManager: Mounting plugin OpenXR
LogPluginManager: Mounting plugin OpenXRHandTracking
LogPluginManager: Mounting plugin PhysXVehicles
LogPluginManager: Mounting plugin PostSplashScreen
LogPluginManager: Mounting plugin PropertyAccessEditor
LogPluginManager: Mounting plugin ProceduralMeshComponent
LogPluginManager: Mounting plugin RuntimePhysXCooking
LogPluginManager: Mounting plugin SignificanceManager
LogPluginManager: Mounting plugin SoundFields
LogPluginManager: Mounting plugin Synthesis
LogPluginManager: Mounting plugin ScreenshotTools
LogPluginManager: Mounting plugin WebMMoviePlayer
LogPluginManager: Mounting plugin WindowsMoviePlayer
LogPluginManager: Mounting plugin Takes
LogPluginManager: Mounting plugin ContentBrowserAssetDataSource
LogPluginManager: Mounting plugin ContentBrowserClassDataSource
LogPluginManager: Mounting plugin ContentBrowserFileDataSource
LogPluginManager: Mounting plugin OnlineSubsystemGooglePlay
LogPluginManager: Mounting plugin OnlineSubsystemIOS
LogPluginManager: Mounting plugin OculusVR
LogPluginManager: Mounting plugin SteamVR
PixWinPlugin: PIX capture plugin failed to initialize! Check that the process is launched from PIX.
LogInit: Using libcurl 7.55.1-DEV
LogInit:  - built for x86_64-pc-win32
LogInit:  - supports SSL with OpenSSL/1.1.1
LogInit:  - supports HTTP deflate (compression) using libz 1.2.8
LogInit:  - other features:
LogInit:      CURL_VERSION_SSL
LogInit:      CURL_VERSION_LIBZ
LogInit:      CURL_VERSION_IPV6
LogInit:      CURL_VERSION_ASYNCHDNS
LogInit:      CURL_VERSION_LARGEFILE
LogInit:      CURL_VERSION_IDN
LogInit:  CurlRequestOptions (configurable via config and command line):
LogInit:  - bVerifyPeer = true  - Libcurl will verify peer certificate
LogInit:  - bUseHttpProxy = false  - Libcurl will NOT use HTTP proxy
LogInit:  - bDontReuseConnections = false  - Libcurl will reuse connections
LogInit:  - MaxHostConnections = 16  - Libcurl will limit the number of connections to a host
LogInit:  - LocalHostAddr = Default
LogInit:  - BufferSize = 65536
LogOnline: OSS: Creating online subsystem instance for: NULL
LogInit: WinSock: version 1.1 (2.2), MaxSocks=32767, MaxUdp=65467
LogOnline: OSS: TryLoadSubsystemAndSetDefault: Loaded subsystem for module [NULL]
LogOculusPluginWrapper: OculusPlugin initialized successfully
LogHMD: Failed initializing OVRPlugin 1.59.0
LogInit: Build: ++UE4+Release-4.27-CL-18319896
LogInit: Engine Version: 4.27.2-18319896+++UE4+Release-4.27
LogInit: Compatible Engine Version: 4.27.0-17155196+++UE4+Release-4.27
LogInit: Net CL: 17155196
LogInit: OS: Windows 10 (Release 2009) (), CPU: AMD Ryzen 7 3800X 8-Core Processor             , GPU: NVIDIA GeForce RTX 2060
LogInit: Compiled (64-bit): Nov 30 2021 07:12:08
LogInit: Compiled with Visual C++: 19.24.28315.00
LogInit: Build Configuration: Development
LogInit: Branch Name: ++UE4+Release-4.27
LogInit: Command Line: 
LogInit: Base Directory: D:/Unreal/UE_4.27/Engine/Binaries/Win64/
LogInit: Allocator: TBB
LogInit: Installed Engine Build: 1
LogDevObjectVersion: Number of dev versions registered: 29
LogDevObjectVersion:   Dev-Blueprints (B0D832E4-1F89-4F0D-ACCF-7EB736FD4AA2): 10
LogDevObjectVersion:   Dev-Build (E1C64328-A22C-4D53-A36C-8E866417BD8C): 0
LogDevObjectVersion:   Dev-Core (375EC13C-06E4-48FB-B500-84F0262A717E): 4
LogDevObjectVersion:   Dev-Editor (E4B068ED-F494-42E9-A231-DA0B2E46BB41): 40
LogDevObjectVersion:   Dev-Framework (CFFC743F-43B0-4480-9391-14DF171D2073): 37
LogDevObjectVersion:   Dev-Mobile (B02B49B5-BB20-44E9-A304-32B752E40360): 3
LogDevObjectVersion:   Dev-Networking (A4E4105C-59A1-49B5-A7C5-40C4547EDFEE): 0
LogDevObjectVersion:   Dev-Online (39C831C9-5AE6-47DC-9A44-9C173E1C8E7C): 0
LogDevObjectVersion:   Dev-Physics (78F01B33-EBEA-4F98-B9B4-84EACCB95AA2): 14
LogDevObjectVersion:   Dev-Platform (6631380F-2D4D-43E0-8009-CF276956A95A): 0
LogDevObjectVersion:   Dev-Rendering (12F88B9F-8875-4AFC-A67C-D90C383ABD29): 45
LogDevObjectVersion:   Dev-Sequencer (7B5AE74C-D270-4C10-A958-57980B212A5A): 13
LogDevObjectVersion:   Dev-VR (D7296918-1DD6-4BDD-9DE2-64A83CC13884): 3
LogDevObjectVersion:   Dev-LoadTimes (C2A15278-BFE7-4AFE-6C17-90FF531DF755): 1
LogDevObjectVersion:   Private-Geometry (6EACA3D4-40EC-4CC1-B786-8BED09428FC5): 3
LogDevObjectVersion:   Dev-AnimPhys (29E575DD-E0A3-4627-9D10-D276232CDCEA): 17
LogDevObjectVersion:   Dev-Anim (AF43A65D-7FD3-4947-9873-3E8ED9C1BB05): 15
LogDevObjectVersion:   Dev-ReflectionCapture (6B266CEC-1EC7-4B8F-A30B-E4D90942FC07): 1
LogDevObjectVersion:   Dev-Automation (0DF73D61-A23F-47EA-B727-89E90C41499A): 1
LogDevObjectVersion:   FortniteMain (601D1886-AC64-4F84-AA16-D3DE0DEAC7D6): 47
LogDevObjectVersion:   FortniteRelease (E7086368-6B23-4C58-8439-1B7016265E91): 1
LogDevObjectVersion:   Dev-Enterprise (9DFFBCD6-494F-0158-E221-12823C92A888): 10
LogDevObjectVersion:   Dev-Niagara (F2AED0AC-9AFE-416F-8664-AA7FFA26D6FC): 1
LogDevObjectVersion:   Dev-Destruction (174F1F0B-B4C6-45A5-B13F-2EE8D0FB917D): 10
LogDevObjectVersion:   Dev-Physics-Ext (35F94A83-E258-406C-A318-09F59610247C): 41
LogDevObjectVersion:   Dev-PhysicsMaterial-Chaos (B68FC16E-8B1B-42E2-B453-215C058844FE): 1
LogDevObjectVersion:   Dev-CineCamera (B2E18506-4273-CFC2-A54E-F4BB758BBA07): 1
LogDevObjectVersion:   Dev-VirtualProduction (64F58936-FD1B-42BA-BA96-7289D5D0FA4E): 1
LogDevObjectVersion:   Dev-MediaFramework (6F0ED827-A609-4895-9C91-998D90180EA4): 2
LogInit: Presizing for max 25165824 objects, including 0 objects not considered by GC, pre-allocating 0 bytes for permanent pool.
LogConfig: Applying CVar settings from Section [/Script/Engine.StreamingSettings] File [D:/Physics Simulation/PhysicsSimulation/Unreal Physics Project/MyProject/Saved/Config/Windows/Engine.ini]
LogConfig: Setting CVar [[s.MinBulkDataSizeForAsyncLoading:131072]]
LogConfig: Setting CVar [[s.AsyncLoadingThreadEnabled:0]]
LogConfig: Setting CVar [[s.EventDrivenLoaderEnabled:1]]
LogConfig: Setting CVar [[s.WarnIfTimeLimitExceeded:0]]
LogConfig: Setting CVar [[s.TimeLimitExceededMultiplier:1.5]]
LogConfig: Setting CVar [[s.TimeLimitExceededMinTime:0.005]]
LogConfig: Setting CVar [[s.UseBackgroundLevelStreaming:1]]
LogConfig: Setting CVar [[s.PriorityAsyncLoadingExtraTime:15.0]]
LogConfig: Setting CVar [[s.LevelStreamingActorsUpdateTimeLimit:5.0]]
LogConfig: Setting CVar [[s.PriorityLevelStreamingActorsUpdateExtraTime:5.0]]
LogConfig: Setting CVar [[s.LevelStreamingComponentsRegistrationGranularity:10]]
LogConfig: Setting CVar [[s.UnregisterComponentsTimeLimit:1.0]]
LogConfig: Setting CVar [[s.LevelStreamingComponentsUnregistrationGranularity:5]]
LogConfig: Setting CVar [[s.FlushStreamingOnExit:1]]
LogInit: Object subsystem initialized
LogConfig: Setting CVar [[con.DebugEarlyDefault:1]]
LogConfig: Setting CVar [[r.setres:1280x720]]
[2023.10.14-23.12.36:966][  0]LogConfig: Setting CVar [[r.VSync:0]]
[2023.10.14-23.12.36:967][  0]LogConfig: Setting CVar [[r.RHICmdBypass:0]]
[2023.10.14-23.12.36:967][  0]LogConfig: Applying CVar settings from Section [/Script/Engine.RendererSettings] File [D:/Physics Simulation/PhysicsSimulation/Unreal Physics Project/MyProject/Saved/Config/Windows/Engine.ini]
[2023.10.14-23.12.36:967][  0]LogConfig: Setting CVar [[r.GPUCrashDebugging:0]]
[2023.10.14-23.12.36:967][  0]LogConfig: Applying CVar settings from Section [/Script/Engine.RendererOverrideSettings] File [D:/Physics Simulation/PhysicsSimulation/Unreal Physics Project/MyProject/Saved/Config/Windows/Engine.ini]
[2023.10.14-23.12.36:967][  0]LogConfig: Applying CVar settings from Section [/Script/Engine.StreamingSettings] File [D:/Physics Simulation/PhysicsSimulation/Unreal Physics Project/MyProject/Saved/Config/Windows/Engine.ini]
[2023.10.14-23.12.36:967][  0]LogConfig: Setting CVar [[s.MinBulkDataSizeForAsyncLoading:131072]]
[2023.10.14-23.12.36:967][  0]LogConfig: Setting CVar [[s.AsyncLoadingThreadEnabled:0]]
[2023.10.14-23.12.36:967][  0]LogConfig: Setting CVar [[s.EventDrivenLoaderEnabled:1]]
[2023.10.14-23.12.36:967][  0]LogConfig: Setting CVar [[s.WarnIfTimeLimitExceeded:0]]
[2023.10.14-23.12.36:967][  0]LogConfig: Setting CVar [[s.TimeLimitExceededMultiplier:1.5]]
[2023.10.14-23.12.36:967][  0]LogConfig: Setting CVar [[s.TimeLimitExceededMinTime:0.005]]
[2023.10.14-23.12.36:967][  0]LogConfig: Setting CVar [[s.UseBackgroundLevelStreaming:1]]
[2023.10.14-23.12.36:967][  0]LogConfig: Setting CVar [[s.PriorityAsyncLoadingExtraTime:15.0]]
[2023.10.14-23.12.36:967][  0]LogConfig: Setting CVar [[s.LevelStreamingActorsUpdateTimeLimit:5.0]]
[2023.10.14-23.12.36:967][  0]LogConfig: Setting CVar [[s.PriorityLevelStreamingActorsUpdateExtraTime:5.0]]
[2023.10.14-23.12.36:967][  0]LogConfig: Setting CVar [[s.LevelStreamingComponentsRegistrationGranularity:10]]
[2023.10.14-23.12.36:967][  0]LogConfig: Setting CVar [[s.UnregisterComponentsTimeLimit:1.0]]
[2023.10.14-23.12.36:967][  0]LogConfig: Setting CVar [[s.LevelStreamingComponentsUnregistrationGranularity:5]]
[2023.10.14-23.12.36:967][  0]LogConfig: Setting CVar [[s.FlushStreamingOnExit:1]]
[2023.10.14-23.12.36:967][  0]LogConfig: Applying CVar settings from Section [/Script/Engine.GarbageCollectionSettings] File [D:/Physics Simulation/PhysicsSimulation/Unreal Physics Project/MyProject/Saved/Config/Windows/Engine.ini]
[2023.10.14-23.12.36:967][  0]LogConfig: Setting CVar [[gc.MaxObjectsNotConsideredByGC:1]]
[2023.10.14-23.12.36:967][  0]LogConfig: Setting CVar [[gc.SizeOfPermanentObjectPool:0]]
[2023.10.14-23.12.36:967][  0]LogConfig: Setting CVar [[gc.FlushStreamingOnGC:0]]
[2023.10.14-23.12.36:967][  0]LogConfig: Setting CVar [[gc.NumRetriesBeforeForcingGC:10]]
[2023.10.14-23.12.36:967][  0]LogConfig: Setting CVar [[gc.AllowParallelGC:1]]
[2023.10.14-23.12.36:967][  0]LogConfig: Setting CVar [[gc.TimeBetweenPurgingPendingKillObjects:61.1]]
[2023.10.14-23.12.36:967][  0]LogConfig: Setting CVar [[gc.MaxObjectsInEditor:25165824]]
[2023.10.14-23.12.36:967][  0]LogConfig: Setting CVar [[gc.IncrementalBeginDestroyEnabled:1]]
[2023.10.14-23.12.36:967][  0]LogConfig: Setting CVar [[gc.CreateGCClusters:1]]
[2023.10.14-23.12.36:967][  0]LogConfig: Setting CVar [[gc.MinGCClusterSize:5]]
[2023.10.14-23.12.36:967][  0]LogConfig: Setting CVar [[gc.ActorClusteringEnabled:0]]
[2023.10.14-23.12.36:967][  0]LogConfig: Setting CVar [[gc.BlueprintClusteringEnabled:0]]
[2023.10.14-23.12.36:967][  0]LogConfig: Setting CVar [[gc.UseDisregardForGCOnDedicatedServers:0]]
[2023.10.14-23.12.36:967][  0]LogConfig: Setting CVar [[gc.MultithreadedDestructionEnabled:1]]
[2023.10.14-23.12.36:967][  0]LogConfig: Applying CVar settings from Section [/Script/Engine.NetworkSettings] File [D:/Physics Simulation/PhysicsSimulation/Unreal Physics Project/MyProject/Saved/Config/Windows/Engine.ini]
[2023.10.14-23.12.36:967][  0]LogConfig: Applying CVar settings from Section [/Script/UnrealEd.CookerSettings] File [D:/Physics Simulation/PhysicsSimulation/Unreal Physics Project/MyProject/Saved/Config/Windows/Engine.ini]
[2023.10.14-23.12.36:972][  0]LogConfig: Applying CVar settings from Section [ViewDistanceQuality@3] File [D:/Physics Simulation/PhysicsSimulation/Unreal Physics Project/MyProject/Saved/Config/Windows/Scalability.ini]
[2023.10.14-23.12.36:972][  0]LogConfig: Setting CVar [[r.SkeletalMeshLODBias:0]]
[2023.10.14-23.12.36:972][  0]LogConfig: Setting CVar [[r.ViewDistanceScale:1.0]]
[2023.10.14-23.12.36:972][  0]LogConfig: Applying CVar settings from Section [AntiAliasingQuality@3] File [D:/Physics Simulation/PhysicsSimulation/Unreal Physics Project/MyProject/Saved/Config/Windows/Scalability.ini]
[2023.10.14-23.12.36:972][  0]LogConfig: Setting CVar [[r.PostProcessAAQuality:4]]
[2023.10.14-23.12.36:972][  0]LogConfig: Applying CVar settings from Section [ShadowQuality@3] File [D:/Physics Simulation/PhysicsSimulation/Unreal Physics Project/MyProject/Saved/Config/Windows/Scalability.ini]
[2023.10.14-23.12.36:972][  0]LogConfig: Setting CVar [[r.LightFunctionQuality:1]]
[2023.10.14-23.12.36:972][  0]LogConfig: Setting CVar [[r.ShadowQuality:5]]
[2023.10.14-23.12.36:972][  0]LogConfig: Setting CVar [[r.Shadow.CSM.MaxCascades:10]]
[2023.10.14-23.12.36:972][  0]LogConfig: Setting CVar [[r.Shadow.MaxResolution:2048]]
[2023.10.14-23.12.36:972][  0]LogConfig: Setting CVar [[r.Shadow.MaxCSMResolution:2048]]
[2023.10.14-23.12.36:972][  0]LogConfig: Setting CVar [[r.Shadow.RadiusThreshold:0.01]]
[2023.10.14-23.12.36:972][  0]LogConfig: Setting CVar [[r.Shadow.DistanceScale:1.0]]
[2023.10.14-23.12.36:972][  0]LogConfig: Setting CVar [[r.Shadow.CSM.TransitionScale:1.0]]
[2023.10.14-23.12.36:972][  0]LogConfig: Setting CVar [[r.Shadow.PreShadowResolutionFactor:1.0]]
[2023.10.14-23.12.36:972][  0]LogConfig: Setting CVar [[r.DistanceFieldShadowing:1]]
[2023.10.14-23.12.36:972][  0]LogConfig: Setting CVar [[r.DistanceFieldAO:1]]
[2023.10.14-23.12.36:972][  0]LogConfig: Setting CVar [[r.AOQuality:2]]
[2023.10.14-23.12.36:972][  0]LogConfig: Setting CVar [[r.VolumetricFog:1]]
[2023.10.14-23.12.36:972][  0]LogConfig: Setting CVar [[r.VolumetricFog.GridPixelSize:8]]
[2023.10.14-23.12.36:972][  0]LogConfig: Setting CVar [[r.VolumetricFog.GridSizeZ:128]]
[2023.10.14-23.12.36:972][  0]LogConfig: Setting CVar [[r.VolumetricFog.HistoryMissSupersampleCount:4]]
[2023.10.14-23.12.36:972][  0]LogConfig: Setting CVar [[r.LightMaxDrawDistanceScale:1]]
[2023.10.14-23.12.36:972][  0]LogConfig: Setting CVar [[r.CapsuleShadows:1]]
[2023.10.14-23.12.36:972][  0]LogConfig: Applying CVar settings from Section [PostProcessQuality@3] File [D:/Physics Simulation/PhysicsSimulation/Unreal Physics Project/MyProject/Saved/Config/Windows/Scalability.ini]
[2023.10.14-23.12.36:972][  0]LogConfig: Setting CVar [[r.MotionBlurQuality:4]]
[2023.10.14-23.12.36:972][  0]LogConfig: Setting CVar [[r.AmbientOcclusionMipLevelFactor:0.4]]
[2023.10.14-23.12.36:972][  0]LogConfig: Setting CVar [[r.AmbientOcclusionMaxQuality:100]]
[2023.10.14-23.12.36:972][  0]LogConfig: Setting CVar [[r.AmbientOcclusionLevels:-1]]
[2023.10.14-23.12.36:972][  0]LogConfig: Setting CVar [[r.AmbientOcclusionRadiusScale:1.0]]
[2023.10.14-23.12.36:972][  0]LogConfig: Setting CVar [[r.DepthOfFieldQuality:2]]
[2023.10.14-23.12.36:972][  0]LogConfig: Setting CVar [[r.RenderTargetPoolMin:400]]
[2023.10.14-23.12.36:972][  0]LogConfig: Setting CVar [[r.LensFlareQuality:2]]
[2023.10.14-23.12.36:972][  0]LogConfig: Setting CVar [[r.SceneColorFringeQuality:1]]
[2023.10.14-23.12.36:972][  0]LogConfig: Setting CVar [[r.EyeAdaptationQuality:2]]
[2023.10.14-23.12.36:972][  0]LogConfig: Setting CVar [[r.BloomQuality:5]]
[2023.10.14-23.12.36:972][  0]LogConfig: Setting CVar [[r.FastBlurThreshold:100]]
[2023.10.14-23.12.36:972][  0]LogConfig: Setting CVar [[r.Upscale.Quality:3]]
[2023.10.14-23.12.36:972][  0]LogConfig: Setting CVar [[r.Tonemapper.GrainQuantization:1]]
[2023.10.14-23.12.36:972][  0]LogConfig: Setting CVar [[r.LightShaftQuality:1]]
[2023.10.14-23.12.36:972][  0]LogConfig: Setting CVar [[r.Filter.SizeScale:1]]
[2023.10.14-23.12.36:972][  0]LogConfig: Setting CVar [[r.Tonemapper.Quality:5]]
[2023.10.14-23.12.36:972][  0]LogConfig: Setting CVar [[r.DOF.Gather.AccumulatorQuality:1        ; higher gathering accumulator quality]]
[2023.10.14-23.12.36:972][  0]LogConfig: Setting CVar [[r.DOF.Gather.PostfilterMethod:1          ; Median3x3 postfilering method]]
[2023.10.14-23.12.36:972][  0]LogConfig: Setting CVar [[r.DOF.Gather.EnableBokehSettings:0       ; no bokeh simulation when gathering]]
[2023.10.14-23.12.36:972][  0]LogConfig: Setting CVar [[r.DOF.Gather.RingCount:4                 ; medium number of samples when gathering]]
[2023.10.14-23.12.36:972][  0]LogConfig: Setting CVar [[r.DOF.Scatter.ForegroundCompositing:1    ; additive foreground scattering]]
[2023.10.14-23.12.36:972][  0]LogConfig: Setting CVar [[r.DOF.Scatter.BackgroundCompositing:2    ; additive background scattering]]
[2023.10.14-23.12.36:972][  0]LogConfig: Setting CVar [[r.DOF.Scatter.EnableBokehSettings:1      ; bokeh simulation when scattering]]
[2023.10.14-23.12.36:972][  0]LogConfig: Setting CVar [[r.DOF.Scatter.MaxSpriteRatio:0.1         ; only a maximum of 10% of scattered bokeh]]
[2023.10.14-23.12.36:972][  0]LogConfig: Setting CVar [[r.DOF.Recombine.Quality:1                ; cheap slight out of focus]]
[2023.10.14-23.12.36:972][  0]LogConfig: Setting CVar [[r.DOF.Recombine.EnableBokehSettings:0    ; no bokeh simulation on slight out of focus]]
[2023.10.14-23.12.36:972][  0]LogConfig: Setting CVar [[r.DOF.TemporalAAQuality:1                ; more stable temporal accumulation]]
[2023.10.14-23.12.36:972][  0]LogConfig: Setting CVar [[r.DOF.Kernel.MaxForegroundRadius:0.025]]
[2023.10.14-23.12.36:972][  0]LogConfig: Setting CVar [[r.DOF.Kernel.MaxBackgroundRadius:0.025]]
[2023.10.14-23.12.36:972][  0]LogConfig: Applying CVar settings from Section [TextureQuality@3] File [D:/Physics Simulation/PhysicsSimulation/Unreal Physics Project/MyProject/Saved/Config/Windows/Scalability.ini]
[2023.10.14-23.12.36:972][  0]LogConfig: Setting CVar [[r.Streaming.MipBias:0]]
[2023.10.14-23.12.36:972][  0]LogConfig: Setting CVar [[r.Streaming.AmortizeCPUToGPUCopy:0]]
[2023.10.14-23.12.36:972][  0]LogConfig: Setting CVar [[r.Streaming.MaxNumTexturesToStreamPerFrame:0]]
[2023.10.14-23.12.36:972][  0]LogConfig: Setting CVar [[r.Streaming.Boost:1]]
[2023.10.14-23.12.36:972][  0]LogConfig: Setting CVar [[r.MaxAnisotropy:8]]
[2023.10.14-23.12.36:972][  0]LogConfig: Setting CVar [[r.VT.MaxAnisotropy:8]]
[2023.10.14-23.12.36:972][  0]LogConfig: Setting CVar [[r.Streaming.LimitPoolSizeToVRAM:0]]
[2023.10.14-23.12.36:972][  0]LogConfig: Setting CVar [[r.Streaming.PoolSize:1000]]
[2023.10.14-23.12.36:972][  0]LogConfig: Setting CVar [[r.Streaming.MaxEffectiveScreenSize:0]]
[2023.10.14-23.12.36:972][  0]LogConfig: Applying CVar settings from Section [EffectsQuality@3] File [D:/Physics Simulation/PhysicsSimulation/Unreal Physics Project/MyProject/Saved/Config/Windows/Scalability.ini]
[2023.10.14-23.12.36:972][  0]LogConfig: Setting CVar [[r.TranslucencyLightingVolumeDim:64]]
[2023.10.14-23.12.36:972][  0]LogConfig: Setting CVar [[r.RefractionQuality:2]]
[2023.10.14-23.12.36:972][  0]LogConfig: Setting CVar [[r.SSR.Quality:3]]
[2023.10.14-23.12.36:972][  0]LogConfig: Setting CVar [[r.SSR.HalfResSceneColor:0]]
[2023.10.14-23.12.36:972][  0]LogConfig: Setting CVar [[r.SceneColorFormat:4]]
[2023.10.14-23.12.36:972][  0]LogConfig: Setting CVar [[r.DetailMode:2]]
[2023.10.14-23.12.36:972][  0]LogConfig: Setting CVar [[r.TranslucencyVolumeBlur:1]]
[2023.10.14-23.12.36:972][  0]LogConfig: Setting CVar [[r.MaterialQualityLevel:1 ; High quality]]
[2023.10.14-23.12.36:972][  0]LogConfig: Setting CVar [[r.AnisotropicMaterials:1]]
[2023.10.14-23.12.36:972][  0]LogConfig: Setting CVar [[r.SSS.Scale:1]]
[2023.10.14-23.12.36:972][  0]LogConfig: Setting CVar [[r.SSS.SampleSet:2]]
[2023.10.14-23.12.36:972][  0]LogConfig: Setting CVar [[r.SSS.Quality:1]]
[2023.10.14-23.12.36:972][  0]LogConfig: Setting CVar [[r.SSS.HalfRes:0]]
[2023.10.14-23.12.36:972][  0]LogConfig: Setting CVar [[r.SSGI.Quality:3]]
[2023.10.14-23.12.36:972][  0]LogConfig: Setting CVar [[r.EmitterSpawnRateScale:1.0]]
[2023.10.14-23.12.36:972][  0]LogConfig: Setting CVar [[r.ParticleLightQuality:2]]
[2023.10.14-23.12.36:972][  0]LogConfig: Setting CVar [[r.SkyAtmosphere.AerialPerspectiveLUT.FastApplyOnOpaque:1 ; Always have FastSkyLUT 1 in this case to avoid wrong sky]]
[2023.10.14-23.12.36:972][  0]LogConfig: Setting CVar [[r.SkyAtmosphere.AerialPerspectiveLUT.SampleCountMaxPerSlice:4]]
[2023.10.14-23.12.36:972][  0]LogConfig: Setting CVar [[r.SkyAtmosphere.AerialPerspectiveLUT.DepthResolution:16.0]]
[2023.10.14-23.12.36:972][  0]LogConfig: Setting CVar [[r.SkyAtmosphere.FastSkyLUT:1]]
[2023.10.14-23.12.36:972][  0]LogConfig: Setting CVar [[r.SkyAtmosphere.FastSkyLUT.SampleCountMin:4.0]]
[2023.10.14-23.12.36:972][  0]LogConfig: Setting CVar [[r.SkyAtmosphere.FastSkyLUT.SampleCountMax:128.0]]
[2023.10.14-23.12.36:972][  0]LogConfig: Setting CVar [[r.SkyAtmosphere.SampleCountMin:4.0]]
[2023.10.14-23.12.36:973][  0]LogConfig: Setting CVar [[r.SkyAtmosphere.SampleCountMax:128.0]]
[2023.10.14-23.12.36:973][  0]LogConfig: Setting CVar [[r.SkyAtmosphere.TransmittanceLUT.UseSmallFormat:0]]
[2023.10.14-23.12.36:973][  0]LogConfig: Setting CVar [[r.SkyAtmosphere.TransmittanceLUT.SampleCount:10.0]]
[2023.10.14-23.12.36:973][  0]LogConfig: Setting CVar [[r.SkyAtmosphere.MultiScatteringLUT.SampleCount:15.0]]
[2023.10.14-23.12.36:973][  0]LogConfig: Setting CVar [[r.SkyLight.RealTimeReflectionCapture:1]]
[2023.10.14-23.12.36:973][  0]LogConfig: Applying CVar settings from Section [FoliageQuality@3] File [D:/Physics Simulation/PhysicsSimulation/Unreal Physics Project/MyProject/Saved/Config/Windows/Scalability.ini]
[2023.10.14-23.12.36:973][  0]LogConfig: Setting CVar [[foliage.DensityScale:1.0]]
[2023.10.14-23.12.36:973][  0]LogConfig: Setting CVar [[grass.DensityScale:1.0]]
[2023.10.14-23.12.36:973][  0]LogConfig: Applying CVar settings from Section [ShadingQuality@3] File [D:/Physics Simulation/PhysicsSimulation/Unreal Physics Project/MyProject/Saved/Config/Windows/Scalability.ini]
[2023.10.14-23.12.36:973][  0]LogConfig: Setting CVar [[r.HairStrands.SkyLighting.IntegrationType:2]]
[2023.10.14-23.12.36:973][  0]LogConfig: Setting CVar [[r.HairStrands.SkyAO.SampleCount:4]]
[2023.10.14-23.12.36:973][  0]LogConfig: Setting CVar [[r.HairStrands.Visibility.MSAA.SamplePerPixel:4]]
[2023.10.14-23.12.36:973][  0]LogInit: Selected Device Profile: [Windows]
[2023.10.14-23.12.36:973][  0]LogInit: Applying CVar settings loaded from the selected device profile: [Windows]
[2023.10.14-23.12.36:973][  0]LogHAL: Display: Platform has ~ 16 GB [17080774656 / 17179869184 / 16], which maps to Larger [LargestMinGB=32, LargerMinGB=12, DefaultMinGB=8, SmallerMinGB=6, SmallestMinGB=0)
[2023.10.14-23.12.36:973][  0]LogInit: Going up to parent DeviceProfile []
[2023.10.14-23.12.36:973][  0]LogConfig: Applying CVar settings from Section [ViewDistanceQuality@3] File [D:/Physics Simulation/PhysicsSimulation/Unreal Physics Project/MyProject/Saved/Config/Windows/Scalability.ini]
[2023.10.14-23.12.36:973][  0]LogConfig: Setting CVar [[r.SkeletalMeshLODBias:0]]
[2023.10.14-23.12.36:973][  0]LogConfig: Setting CVar [[r.ViewDistanceScale:1.0]]
[2023.10.14-23.12.36:973][  0]LogConfig: Applying CVar settings from Section [AntiAliasingQuality@3] File [D:/Physics Simulation/PhysicsSimulation/Unreal Physics Project/MyProject/Saved/Config/Windows/Scalability.ini]
[2023.10.14-23.12.36:973][  0]LogConfig: Setting CVar [[r.PostProcessAAQuality:4]]
[2023.10.14-23.12.36:973][  0]LogConfig: Applying CVar settings from Section [ShadowQuality@3] File [D:/Physics Simulation/PhysicsSimulation/Unreal Physics Project/MyProject/Saved/Config/Windows/Scalability.ini]
[2023.10.14-23.12.36:973][  0]LogConfig: Setting CVar [[r.LightFunctionQuality:1]]
[2023.10.14-23.12.36:973][  0]LogConfig: Setting CVar [[r.ShadowQuality:5]]
[2023.10.14-23.12.36:973][  0]LogConfig: Setting CVar [[r.Shadow.CSM.MaxCascades:10]]
[2023.10.14-23.12.36:973][  0]LogConfig: Setting CVar [[r.Shadow.MaxResolution:2048]]
[2023.10.14-23.12.36:973][  0]LogConfig: Setting CVar [[r.Shadow.MaxCSMResolution:2048]]
[2023.10.14-23.12.36:973][  0]LogConfig: Setting CVar [[r.Shadow.RadiusThreshold:0.01]]
[2023.10.14-23.12.36:973][  0]LogConfig: Setting CVar [[r.Shadow.DistanceScale:1.0]]
[2023.10.14-23.12.36:973][  0]LogConfig: Setting CVar [[r.Shadow.CSM.TransitionScale:1.0]]
[2023.10.14-23.12.36:973][  0]LogConfig: Setting CVar [[r.Shadow.PreShadowResolutionFactor:1.0]]
[2023.10.14-23.12.36:973][  0]LogConfig: Setting CVar [[r.DistanceFieldShadowing:1]]
[2023.10.14-23.12.36:973][  0]LogConfig: Setting CVar [[r.DistanceFieldAO:1]]
[2023.10.14-23.12.36:973][  0]LogConfig: Setting CVar [[r.AOQuality:2]]
[2023.10.14-23.12.36:973][  0]LogConfig: Setting CVar [[r.VolumetricFog:1]]
[2023.10.14-23.12.36:973][  0]LogConfig: Setting CVar [[r.VolumetricFog.GridPixelSize:8]]
[2023.10.14-23.12.36:973][  0]LogConfig: Setting CVar [[r.VolumetricFog.GridSizeZ:128]]
[2023.10.14-23.12.36:973][  0]LogConfig: Setting CVar [[r.VolumetricFog.HistoryMissSupersampleCount:4]]
[2023.10.14-23.12.36:973][  0]LogConfig: Setting CVar [[r.LightMaxDrawDistanceScale:1]]
[2023.10.14-23.12.36:973][  0]LogConfig: Setting CVar [[r.CapsuleShadows:1]]
[2023.10.14-23.12.36:973][  0]LogConfig: Applying CVar settings from Section [PostProcessQuality@3] File [D:/Physics Simulation/PhysicsSimulation/Unreal Physics Project/MyProject/Saved/Config/Windows/Scalability.ini]
[2023.10.14-23.12.36:973][  0]LogConfig: Setting CVar [[r.MotionBlurQuality:4]]
[2023.10.14-23.12.36:973][  0]LogConfig: Setting CVar [[r.AmbientOcclusionMipLevelFactor:0.4]]
[2023.10.14-23.12.36:973][  0]LogConfig: Setting CVar [[r.AmbientOcclusionMaxQuality:100]]
[2023.10.14-23.12.36:973][  0]LogConfig: Setting CVar [[r.AmbientOcclusionLevels:-1]]
[2023.10.14-23.12.36:973][  0]LogConfig: Setting CVar [[r.AmbientOcclusionRadiusScale:1.0]]
[2023.10.14-23.12.36:973][  0]LogConfig: Setting CVar [[r.DepthOfFieldQuality:2]]
[2023.10.14-23.12.36:973][  0]LogConfig: Setting CVar [[r.RenderTargetPoolMin:400]]
[2023.10.14-23.12.36:973][  0]LogConfig: Setting CVar [[r.LensFlareQuality:2]]
[2023.10.14-23.12.36:973][  0]LogConfig: Setting CVar [[r.SceneColorFringeQuality:1]]
[2023.10.14-23.12.36:973][  0]LogConfig: Setting CVar [[r.EyeAdaptationQuality:2]]
[2023.10.14-23.12.36:973][  0]LogConfig: Setting CVar [[r.BloomQuality:5]]
[2023.10.14-23.12.36:973][  0]LogConfig: Setting CVar [[r.FastBlurThreshold:100]]
[2023.10.14-23.12.36:973][  0]LogConfig: Setting CVar [[r.Upscale.Quality:3]]
[2023.10.14-23.12.36:973][  0]LogConfig: Setting CVar [[r.Tonemapper.GrainQuantization:1]]
[2023.10.14-23.12.36:973][  0]LogConfig: Setting CVar [[r.LightShaftQuality:1]]
[2023.10.14-23.12.36:973][  0]LogConfig: Setting CVar [[r.Filter.SizeScale:1]]
[2023.10.14-23.12.36:973][  0]LogConfig: Setting CVar [[r.Tonemapper.Quality:5]]
[2023.10.14-23.12.36:973][  0]LogConfig: Setting CVar [[r.DOF.Gather.AccumulatorQuality:1        ; higher gathering accumulator quality]]
[2023.10.14-23.12.36:973][  0]LogConfig: Setting CVar [[r.DOF.Gather.PostfilterMethod:1          ; Median3x3 postfilering method]]
[2023.10.14-23.12.36:973][  0]LogConfig: Setting CVar [[r.DOF.Gather.EnableBokehSettings:0       ; no bokeh simulation when gathering]]
[2023.10.14-23.12.36:973][  0]LogConfig: Setting CVar [[r.DOF.Gather.RingCount:4                 ; medium number of samples when gathering]]
[2023.10.14-23.12.36:973][  0]LogConfig: Setting CVar [[r.DOF.Scatter.ForegroundCompositing:1    ; additive foreground scattering]]
[2023.10.14-23.12.36:973][  0]LogConfig: Setting CVar [[r.DOF.Scatter.BackgroundCompositing:2    ; additive background scattering]]
[2023.10.14-23.12.36:973][  0]LogConfig: Setting CVar [[r.DOF.Scatter.EnableBokehSettings:1      ; bokeh simulation when scattering]]
[2023.10.14-23.12.36:973][  0]LogConfig: Setting CVar [[r.DOF.Scatter.MaxSpriteRatio:0.1         ; only a maximum of 10% of scattered bokeh]]
[2023.10.14-23.12.36:973][  0]LogConfig: Setting CVar [[r.DOF.Recombine.Quality:1                ; cheap slight out of focus]]
[2023.10.14-23.12.36:973][  0]LogConfig: Setting CVar [[r.DOF.Recombine.EnableBokehSettings:0    ; no bokeh simulation on slight out of focus]]
[2023.10.14-23.12.36:973][  0]LogConfig: Setting CVar [[r.DOF.TemporalAAQuality:1                ; more stable temporal accumulation]]
[2023.10.14-23.12.36:973][  0]LogConfig: Setting CVar [[r.DOF.Kernel.MaxForegroundRadius:0.025]]
[2023.10.14-23.12.36:973][  0]LogConfig: Setting CVar [[r.DOF.Kernel.MaxBackgroundRadius:0.025]]
[2023.10.14-23.12.36:973][  0]LogConfig: Applying CVar settings from Section [TextureQuality@3] File [D:/Physics Simulation/PhysicsSimulation/Unreal Physics Project/MyProject/Saved/Config/Windows/Scalability.ini]
[2023.10.14-23.12.36:973][  0]LogConfig: Setting CVar [[r.Streaming.MipBias:0]]
[2023.10.14-23.12.36:973][  0]LogConfig: Setting CVar [[r.Streaming.AmortizeCPUToGPUCopy:0]]
[2023.10.14-23.12.36:973][  0]LogConfig: Setting CVar [[r.Streaming.MaxNumTexturesToStreamPerFrame:0]]
[2023.10.14-23.12.36:973][  0]LogConfig: Setting CVar [[r.Streaming.Boost:1]]
[2023.10.14-23.12.36:973][  0]LogConfig: Setting CVar [[r.MaxAnisotropy:8]]
[2023.10.14-23.12.36:973][  0]LogConfig: Setting CVar [[r.VT.MaxAnisotropy:8]]
[2023.10.14-23.12.36:973][  0]LogConfig: Setting CVar [[r.Streaming.LimitPoolSizeToVRAM:0]]
[2023.10.14-23.12.36:973][  0]LogConfig: Setting CVar [[r.Streaming.PoolSize:1000]]
[2023.10.14-23.12.36:973][  0]LogConfig: Setting CVar [[r.Streaming.MaxEffectiveScreenSize:0]]
[2023.10.14-23.12.36:973][  0]LogConfig: Applying CVar settings from Section [EffectsQuality@3] File [D:/Physics Simulation/PhysicsSimulation/Unreal Physics Project/MyProject/Saved/Config/Windows/Scalability.ini]
[2023.10.14-23.12.36:973][  0]LogConfig: Setting CVar [[r.TranslucencyLightingVolumeDim:64]]
[2023.10.14-23.12.36:973][  0]LogConfig: Setting CVar [[r.RefractionQuality:2]]
[2023.10.14-23.12.36:973][  0]LogConfig: Setting CVar [[r.SSR.Quality:3]]
[2023.10.14-23.12.36:973][  0]LogConfig: Setting CVar [[r.SSR.HalfResSceneColor:0]]
[2023.10.14-23.12.36:973][  0]LogConfig: Setting CVar [[r.SceneColorFormat:4]]
[2023.10.14-23.12.36:973][  0]LogConfig: Setting CVar [[r.DetailMode:2]]
[2023.10.14-23.12.36:973][  0]LogConfig: Setting CVar [[r.TranslucencyVolumeBlur:1]]
[2023.10.14-23.12.36:973][  0]LogConfig: Setting CVar [[r.MaterialQualityLevel:1 ; High quality]]
[2023.10.14-23.12.36:973][  0]LogConfig: Setting CVar [[r.AnisotropicMaterials:1]]
[2023.10.14-23.12.36:973][  0]LogConfig: Setting CVar [[r.SSS.Scale:1]]
[2023.10.14-23.12.36:973][  0]LogConfig: Setting CVar [[r.SSS.SampleSet:2]]
[2023.10.14-23.12.36:973][  0]LogConfig: Setting CVar [[r.SSS.Quality:1]]
[2023.10.14-23.12.36:974][  0]LogConfig: Setting CVar [[r.SSS.HalfRes:0]]
[2023.10.14-23.12.36:974][  0]LogConfig: Setting CVar [[r.SSGI.Quality:3]]
[2023.10.14-23.12.36:974][  0]LogConfig: Setting CVar [[r.EmitterSpawnRateScale:1.0]]
[2023.10.14-23.12.36:974][  0]LogConfig: Setting CVar [[r.ParticleLightQuality:2]]
[2023.10.14-23.12.36:974][  0]LogConfig: Setting CVar [[r.SkyAtmosphere.AerialPerspectiveLUT.FastApplyOnOpaque:1 ; Always have FastSkyLUT 1 in this case to avoid wrong sky]]
[2023.10.14-23.12.36:974][  0]LogConfig: Setting CVar [[r.SkyAtmosphere.AerialPerspectiveLUT.SampleCountMaxPerSlice:4]]
[2023.10.14-23.12.36:974][  0]LogConfig: Setting CVar [[r.SkyAtmosphere.AerialPerspectiveLUT.DepthResolution:16.0]]
[2023.10.14-23.12.36:974][  0]LogConfig: Setting CVar [[r.SkyAtmosphere.FastSkyLUT:1]]
[2023.10.14-23.12.36:974][  0]LogConfig: Setting CVar [[r.SkyAtmosphere.FastSkyLUT.SampleCountMin:4.0]]
[2023.10.14-23.12.36:974][  0]LogConfig: Setting CVar [[r.SkyAtmosphere.FastSkyLUT.SampleCountMax:128.0]]
[2023.10.14-23.12.36:974][  0]LogConfig: Setting CVar [[r.SkyAtmosphere.SampleCountMin:4.0]]
[2023.10.14-23.12.36:974][  0]LogConfig: Setting CVar [[r.SkyAtmosphere.SampleCountMax:128.0]]
[2023.10.14-23.12.36:974][  0]LogConfig: Setting CVar [[r.SkyAtmosphere.TransmittanceLUT.UseSmallFormat:0]]
[2023.10.14-23.12.36:974][  0]LogConfig: Setting CVar [[r.SkyAtmosphere.TransmittanceLUT.SampleCount:10.0]]
[2023.10.14-23.12.36:974][  0]LogConfig: Setting CVar [[r.SkyAtmosphere.MultiScatteringLUT.SampleCount:15.0]]
[2023.10.14-23.12.36:974][  0]LogConfig: Setting CVar [[r.SkyLight.RealTimeReflectionCapture:1]]
[2023.10.14-23.12.36:974][  0]LogConfig: Applying CVar settings from Section [FoliageQuality@3] File [D:/Physics Simulation/PhysicsSimulation/Unreal Physics Project/MyProject/Saved/Config/Windows/Scalability.ini]
[2023.10.14-23.12.36:974][  0]LogConfig: Setting CVar [[foliage.DensityScale:1.0]]
[2023.10.14-23.12.36:974][  0]LogConfig: Setting CVar [[grass.DensityScale:1.0]]
[2023.10.14-23.12.36:974][  0]LogConfig: Applying CVar settings from Section [ShadingQuality@3] File [D:/Physics Simulation/PhysicsSimulation/Unreal Physics Project/MyProject/Saved/Config/Windows/Scalability.ini]
[2023.10.14-23.12.36:974][  0]LogConfig: Setting CVar [[r.HairStrands.SkyLighting.IntegrationType:2]]
[2023.10.14-23.12.36:974][  0]LogConfig: Setting CVar [[r.HairStrands.SkyAO.SampleCount:4]]
[2023.10.14-23.12.36:974][  0]LogConfig: Setting CVar [[r.HairStrands.Visibility.MSAA.SamplePerPixel:4]]
[2023.10.14-23.12.36:974][  0]LogConfig: Applying CVar settings from Section [Startup] File [../../../Engine/Config/ConsoleVariables.ini]
[2023.10.14-23.12.36:974][  0]LogConfig: Setting CVar [[net.UseAdaptiveNetUpdateFrequency:0]]
[2023.10.14-23.12.36:974][  0]LogConfig: Setting CVar [[p.chaos.AllowCreatePhysxBodies:1]]
[2023.10.14-23.12.36:974][  0]LogConfig: Setting CVar [[fx.SkipVectorVMBackendOptimizations:1]]
[2023.10.14-23.12.36:974][  0]LogConfig: Applying CVar settings from Section [ConsoleVariables] File [D:/Physics Simulation/PhysicsSimulation/Unreal Physics Project/MyProject/Saved/Config/Windows/Engine.ini]
[2023.10.14-23.12.36:974][  0]LogConfig: Applying CVar settings from Section [ConsoleVariables] File [D:/Physics Simulation/PhysicsSimulation/Unreal Physics Project/MyProject/Saved/Config/Windows/Editor.ini]
[2023.10.14-23.12.36:974][  0]LogInit: Computer: DESKTOP-LENE5UI
[2023.10.14-23.12.36:974][  0]LogInit: User: patri
[2023.10.14-23.12.36:974][  0]LogInit: CPU Page size=4096, Cores=8
[2023.10.14-23.12.36:974][  0]LogInit: High frequency timer resolution =10.000000 MHz
[2023.10.14-23.12.36:974][  0]LogMemory: Memory total: Physical=15.9GB (16GB approx)
[2023.10.14-23.12.36:974][  0]LogMemory: Platform Memory Stats for Windows
[2023.10.14-23.12.36:974][  0]LogMemory: Process Physical Memory: 145.99 MB used, 146.00 MB peak
[2023.10.14-23.12.36:974][  0]LogMemory: Process Virtual Memory: 129.10 MB used, 129.10 MB peak
[2023.10.14-23.12.36:974][  0]LogMemory: Physical Memory: 9070.71 MB used,  7218.78 MB free, 16289.50 MB total
[2023.10.14-23.12.36:974][  0]LogMemory: Virtual Memory: 134209200.00 MB used,  8527.21 MB free, 134217728.00 MB total
[2023.10.14-23.12.36:979][  0]LogWindows: WindowsPlatformFeatures enabled
[2023.10.14-23.12.37:015][  0]LogInit: Physics initialised using underlying interface: PhysX
[2023.10.14-23.12.37:016][  0]LogInit: Using OS detected language (en-GB).
[2023.10.14-23.12.37:016][  0]LogInit: Using OS detected locale (en-GB).
[2023.10.14-23.12.37:019][  0]LogTextLocalizationManager: No specific localization for 'en-GB' exists, so the 'en' localization will be used.
[2023.10.14-23.12.37:187][  0]LogInit: Setting process to per monitor DPI aware
[2023.10.14-23.12.37:196][  0]LogWindowsTextInputMethodSystem: Display: IME system deactivated.
[2023.10.14-23.12.37:207][  0]LogSlate: New Slate User Created.  User Index 0, Is Virtual User: 0
[2023.10.14-23.12.37:207][  0]LogSlate: Slate User Registered.  User Index 0, Is Virtual User: 0
[2023.10.14-23.12.37:377][  0]LogD3D11RHI: Loaded GFSDK_Aftermath_Lib.x64.dll
[2023.10.14-23.12.37:379][  0]LogHMD: Failed to initialize OpenVR with code 110
[2023.10.14-23.12.37:379][  0]LogD3D11RHI: D3D11 min allowed feature level: 11_0
[2023.10.14-23.12.37:379][  0]LogD3D11RHI: D3D11 max allowed feature level: 11_0
[2023.10.14-23.12.37:379][  0]LogD3D11RHI: D3D11 adapters:
[2023.10.14-23.12.37:512][  0]LogD3D11RHI:    0. 'NVIDIA GeForce RTX 2060' (Feature Level 11_0)
[2023.10.14-23.12.37:513][  0]LogD3D11RHI:       5968/0/8144 MB DedicatedVideo/DedicatedSystem/SharedSystem, Outputs:1, VendorId:0x10de
[2023.10.14-23.12.37:514][  0]LogD3D11RHI:    1. 'Microsoft Basic Render Driver' (Feature Level 11_0)
[2023.10.14-23.12.37:515][  0]LogD3D11RHI:       0/0/8144 MB DedicatedVideo/DedicatedSystem/SharedSystem, Outputs:0, VendorId:0x1414
[2023.10.14-23.12.37:515][  0]LogD3D11RHI: Chosen D3D11 Adapter:
[2023.10.14-23.12.37:515][  0]LogD3D11RHI:     Description : NVIDIA GeForce RTX 2060
[2023.10.14-23.12.37:515][  0]LogD3D11RHI:     VendorId    : 10de
[2023.10.14-23.12.37:515][  0]LogD3D11RHI:     DeviceId    : 1f08
[2023.10.14-23.12.37:515][  0]LogD3D11RHI:     SubSysId    : 86f01043
[2023.10.14-23.12.37:515][  0]LogD3D11RHI:     Revision    : 00a1
[2023.10.14-23.12.37:515][  0]LogD3D11RHI:     DedicatedVideoMemory : 6257901568 bytes
[2023.10.14-23.12.37:515][  0]LogD3D11RHI:     DedicatedSystemMemory : 0 bytes
[2023.10.14-23.12.37:515][  0]LogD3D11RHI:     SharedSystemMemory : 8540387328 bytes
[2023.10.14-23.12.37:515][  0]LogD3D11RHI:     AdapterLuid : 0 61511
[2023.10.14-23.12.37:521][  0]LogD3D11RHI: Creating new Direct3DDevice
[2023.10.14-23.12.37:521][  0]LogD3D11RHI:     GPU DeviceId: 0x1f08 (for the marketing name, search the web for "GPU Device Id")
[2023.10.14-23.12.37:521][  0]LogWindows: EnumDisplayDevices:
[2023.10.14-23.12.37:521][  0]LogWindows:    0. 'NVIDIA GeForce RTX 2060' (P:1 D:1)
[2023.10.14-23.12.37:521][  0]LogWindows:    1. 'NVIDIA GeForce RTX 2060' (P:0 D:0)
[2023.10.14-23.12.37:521][  0]LogWindows:    2. 'NVIDIA GeForce RTX 2060' (P:0 D:0)
[2023.10.14-23.12.37:522][  0]LogWindows:    3. 'NVIDIA GeForce RTX 2060' (P:0 D:0)
[2023.10.14-23.12.37:522][  0]LogWindows: DebugString: FoundDriverCount:4 
[2023.10.14-23.12.37:522][  0]LogD3D11RHI:     Adapter Name: NVIDIA GeForce RTX 2060
[2023.10.14-23.12.37:522][  0]LogD3D11RHI:   Driver Version: 536.99 (internal:31.0.15.3699, unified:536.99)
[2023.10.14-23.12.37:522][  0]LogD3D11RHI:      Driver Date: 8-4-2023
[2023.10.14-23.12.37:522][  0]LogRHI: Texture pool is 4177 MB (70% of 5968 MB)
[2023.10.14-23.12.37:522][  0]LogD3D11RHI: Creating D3DDevice using adapter:
[2023.10.14-23.12.37:522][  0]LogD3D11RHI:     Description : NVIDIA GeForce RTX 2060
[2023.10.14-23.12.37:522][  0]LogD3D11RHI:     VendorId    : 10de
[2023.10.14-23.12.37:522][  0]LogD3D11RHI:     DeviceId    : 1f08
[2023.10.14-23.12.37:522][  0]LogD3D11RHI:     SubSysId    : 86f01043
[2023.10.14-23.12.37:522][  0]LogD3D11RHI:     Revision    : 00a1
[2023.10.14-23.12.37:522][  0]LogD3D11RHI:     DedicatedVideoMemory : 6257901568 bytes
[2023.10.14-23.12.37:522][  0]LogD3D11RHI:     DedicatedSystemMemory : 0 bytes
[2023.10.14-23.12.37:522][  0]LogD3D11RHI:     SharedSystemMemory : 8540387328 bytes
[2023.10.14-23.12.37:522][  0]LogD3D11RHI:     AdapterLuid : 0 61511
[2023.10.14-23.12.37:612][  0]LogD3D11RHI: RHI has support for 64 bit atomics
[2023.10.14-23.12.37:612][  0]LogD3D11RHI: Async texture creation enabled
[2023.10.14-23.12.37:612][  0]LogD3D11RHI: Array index from any shader is supported
[2023.10.14-23.12.37:625][  0]LogD3D11RHI: GPU Timing Frequency: 1000.000000 (Debug: 2 1)
[2023.10.14-23.12.37:647][  0]LogRHI: GeForceNow SDK initialized: 1
[2023.10.14-23.12.37:881][  0]LogTargetPlatformManager: Display: Loaded TargetPlatform 'AllDesktop'
[2023.10.14-23.12.37:899][  0]LogTargetPlatformManager: Display: Loaded TargetPlatform 'Android'
[2023.10.14-23.12.37:899][  0]LogTargetPlatformManager: Display: Loaded TargetPlatform 'Android_ASTC'
[2023.10.14-23.12.37:899][  0]LogTargetPlatformManager: Display: Loaded TargetPlatform 'Android_DXT'
[2023.10.14-23.12.37:899][  0]LogTargetPlatformManager: Display: Loaded TargetPlatform 'Android_ETC2'
[2023.10.14-23.12.37:899][  0]LogTargetPlatformManager: Display: Loaded TargetPlatform 'AndroidClient'
[2023.10.14-23.12.37:899][  0]LogTargetPlatformManager: Display: Loaded TargetPlatform 'Android_ASTCClient'
[2023.10.14-23.12.37:899][  0]LogTargetPlatformManager: Display: Loaded TargetPlatform 'Android_DXTClient'
[2023.10.14-23.12.37:899][  0]LogTargetPlatformManager: Display: Loaded TargetPlatform 'Android_ETC2Client'
[2023.10.14-23.12.37:899][  0]LogTargetPlatformManager: Display: Loaded TargetPlatform 'Android_Multi'
[2023.10.14-23.12.37:899][  0]LogTargetPlatformManager: Display: Loaded TargetPlatform 'Android_MultiClient'
[2023.10.14-23.12.37:914][  0]LogTargetPlatformManager: Display: Loaded TargetPlatform 'IOSClient'
[2023.10.14-23.12.37:914][  0]LogTargetPlatformManager: Display: Loaded TargetPlatform 'IOS'
[2023.10.14-23.12.37:922][  0]LogTargetPlatformManager: Display: Loaded TargetPlatform 'Linux'
[2023.10.14-23.12.37:925][  0]LogTargetPlatformManager: Display: Loaded TargetPlatform 'LinuxNoEditor'
[2023.10.14-23.12.37:929][  0]LogTargetPlatformManager: Display: Loaded TargetPlatform 'LinuxClient'
[2023.10.14-23.12.37:932][  0]LogTargetPlatformManager: Display: Loaded TargetPlatform 'LinuxServer'
[2023.10.14-23.12.37:939][  0]LogTargetPlatformManager: Display: Loaded TargetPlatform 'LinuxAArch64NoEditor'
[2023.10.14-23.12.37:942][  0]LogTargetPlatformManager: Display: Loaded TargetPlatform 'LinuxAArch64Client'
[2023.10.14-23.12.37:946][  0]LogTargetPlatformManager: Display: Loaded TargetPlatform 'LinuxAArch64Server'
[2023.10.14-23.12.37:966][  0]LogTargetPlatformManager: Display: Loaded TargetPlatform 'Lumin'
[2023.10.14-23.12.37:966][  0]LogTargetPlatformManager: Display: Loaded TargetPlatform 'LuminClient'
[2023.10.14-23.12.37:973][  0]LogTargetPlatformManager: Display: Loaded TargetPlatform 'MacNoEditor'
[2023.10.14-23.12.37:977][  0]LogTargetPlatformManager: Display: Loaded TargetPlatform 'Mac'
[2023.10.14-23.12.37:981][  0]LogTargetPlatformManager: Display: Loaded TargetPlatform 'MacClient'
[2023.10.14-23.12.37:985][  0]LogTargetPlatformManager: Display: Loaded TargetPlatform 'MacServer'
[2023.10.14-23.12.37:993][  0]LogTargetPlatformManager: Display: Loaded TargetPlatform 'TVOSClient'
[2023.10.14-23.12.37:993][  0]LogTargetPlatformManager: Display: Loaded TargetPlatform 'TVOS'
[2023.10.14-23.12.38:000][  0]LogTargetPlatformManager: Display: Loaded TargetPlatform 'WindowsNoEditor'
[2023.10.14-23.12.38:004][  0]LogTargetPlatformManager: Display: Loaded TargetPlatform 'Windows'
[2023.10.14-23.12.38:007][  0]LogTargetPlatformManager: Display: Loaded TargetPlatform 'WindowsClient'
[2023.10.14-23.12.38:011][  0]LogTargetPlatformManager: Display: Loaded TargetPlatform 'WindowsServer'
[2023.10.14-23.12.38:011][  0]LogTargetPlatformManager: Display: Building Assets For Windows
[2023.10.14-23.12.38:017][  0]LogAudioDebug: Display: Lib vorbis DLL was dynamically loaded.
[2023.10.14-23.12.38:040][  0]LogTextureFormatOodle: Display: Oodle Texture 2.9.0 init RDO Off
[2023.10.14-23.12.38:065][  0]LogRendererCore: Ray tracing is disabled. Reason: r.RayTracing=0.
[2023.10.14-23.12.38:065][  0]LogShaderCompilers: Guid format shader working directory is -39 characters bigger than the processId version (../../../../../Physics Simulation/PhysicsSimulation/Unreal Physics Project/MyProject/Intermediate/Shaders/WorkingDirectory/24148/).
[2023.10.14-23.12.38:065][  0]LogShaderCompilers: Cleaned the shader compiler working directory 'C:/Users/patri/AppData/Local/Temp/UnrealShaderWorkingDir/528D19CE4E0D73935DE1A1AB06062DC8/'.
[2023.10.14-23.12.38:066][  0]LogXGEController: Cannot use XGE Controller as Incredibuild is not installed on this machine.
[2023.10.14-23.12.38:066][  0]LogShaderCompilers: Cannot use XGE Shader Compiler as Incredibuild is not installed on this machine.
[2023.10.14-23.12.38:066][  0]LogShaderCompilers: Display: Using Local Shader Compiler.
[2023.10.14-23.12.38:679][  0]LogDerivedDataCache: Display: Max Cache Size: 512 MB
[2023.10.14-23.12.38:724][  0]LogDerivedDataCache: Loaded boot cache 0.04s 94MB C:/Users/patri/AppData/Local/UnrealEngine/4.27/DerivedDataCache/Boot.ddc.
[2023.10.14-23.12.38:724][  0]LogDerivedDataCache: Display: Loaded Boot cache: C:/Users/patri/AppData/Local/UnrealEngine/4.27/DerivedDataCache/Boot.ddc
[2023.10.14-23.12.38:724][  0]LogDerivedDataCache: FDerivedDataBackendGraph:  Pak pak cache file ../../../../../Physics Simulation/PhysicsSimulation/Unreal Physics Project/MyProject/DerivedDataCache/DDC.ddp not found, will not use a pak cache.
[2023.10.14-23.12.38:724][  0]LogDerivedDataCache: Unable to find inner node Pak for hierarchical cache Hierarchy.
[2023.10.14-23.12.38:724][  0]LogDerivedDataCache: FDerivedDataBackendGraph:  CompressedPak pak cache file ../../../../../Physics Simulation/PhysicsSimulation/Unreal Physics Project/MyProject/DerivedDataCache/Compressed.ddp not found, will not use a pak cache.
[2023.10.14-23.12.38:724][  0]LogDerivedDataCache: Unable to find inner node CompressedPak for hierarchical cache Hierarchy.
[2023.10.14-23.12.38:740][  0]LogDerivedDataCache: Display: Pak cache opened for reading ../../../Engine/DerivedDataCache/Compressed.ddp.
[2023.10.14-23.12.38:740][  0]LogDerivedDataCache: FDerivedDataBackendGraph:  EnterprisePak pak cache file ../../../Enterprise/DerivedDataCache/Compressed.ddp not found, will not use a pak cache.
[2023.10.14-23.12.38:740][  0]LogDerivedDataCache: Unable to find inner node EnterprisePak for hierarchical cache Hierarchy.
[2023.10.14-23.12.38:746][  0]LogDerivedDataCache: Speed tests for C:/Users/patri/AppData/Local/UnrealEngine/Common/DerivedDataCache took 0.01 seconds
[2023.10.14-23.12.38:746][  0]LogDerivedDataCache: Display: Performance to C:/Users/patri/AppData/Local/UnrealEngine/Common/DerivedDataCache: Latency=0.03ms. RandomReadSpeed=1488.69MBs, RandomWriteSpeed=187.23MBs. Assigned SpeedClass 'Local'
[2023.10.14-23.12.38:747][  0]LogDerivedDataCache: Using Local data cache path C:/Users/patri/AppData/Local/UnrealEngine/Common/DerivedDataCache: Writable
[2023.10.14-23.12.38:747][  0]LogDerivedDataCache: Shared data cache path not found in *engine.ini, will not use an Shared cache.
[2023.10.14-23.12.38:747][  0]LogDerivedDataCache: Unable to find inner node Shared for hierarchical cache Hierarchy.
[2023.10.14-23.12.38:788][  0]LogSlate: Using FreeType 2.10.0
[2023.10.14-23.12.38:789][  0]LogSlate: SlateFontServices - WITH_FREETYPE: 1, WITH_HARFBUZZ: 1
[2023.10.14-23.12.38:807][  0]LogAssetRegistry: FAssetRegistry took 0.0022 seconds to start up
[2023.10.14-23.12.39:007][  0]LogInit: Selected Device Profile: [Windows]
[2023.10.14-23.12.39:007][  0]LogInit: Active device profile: [00000173E3663600][00000173E0CAD740 49] Windows
[2023.10.14-23.12.39:007][  0]LogInit: Profiles: [00000173E3663600][00000173E0CAD740 49] Windows, [00000173E3618C00][00000173DFBA78C0 49] WindowsNoEditor, [00000173E3660C00][00000173D9F53A40 49] WindowsServer, [00000173E361AE00][00000173D9F57BC0 49] WindowsClient, [00000173E3662D00][00000173D9F5A1C0 49] IOS, [00000173E3619500][00000173D9F5E340 49] iPadAir, [00000173E3661400][00000173D9F624C0 49] iPadAir2, [00000173E4573D00][00000173DFBB8780 49] IPadPro, [00000173E4573E00][00000173D9F667C0 49] iPadAir3, [00000173E3662700][00000173DFBC0940 49] iPadAir4, [00000173E4571100][00000173D9FDEA80 49] iPadMini2, [00000173E3661900][00000173E467CBC0 49] iPadMini3, [00000173E4572800][00000173E49A6D00 49] iPadMini4, [00000173E3660600][00000173E3536E80 49] iPadMini5, [00000173E35DB600][00000173E49C1140 49] iPhone6, [00000173E35DB700][00000173E353B180 49] iPodTouch6, [00000173E4570100][00000173E49C9440 49] iPhone7, [00000173E4571200][00000173E49C5480 49] iPodTouch7, [00000173E35D9000][00000173E49CD600 49] iPhone5S, [00000173E4572900][00000173E49D1780 49] iPhone6Plus, [00000173E35DA900][00000173E49D5900 49] iPhone6S, [00000173E4570E00][00000173D9ED7A80 49] iPhone6SPlus, [00000173E35D9800][00000173D9EDBC00 49] iPhone7Plus, [00000173E4572200][00000173D9EDE200 49] iPhoneSE, [00000173E35DA100][00000173D9EF6380 49] iPhone8, [00000173E4571D00][00000173D9F02500 49] iPhone8Plus, [00000173E35DAE00][00000173D9F06680 49] iPhoneX, [00000173E4573A00][00000173D9F0A800 49] iPhoneXS, [00000173E35D9200][00000173D9F0E980 49] iPhoneXSMax, [00000173E4571000][00000173D9F16B00 49] iPhoneXR, [00000173E35DB900][00000173E49AAC40 49] iPhone11, [00000173E4573000][00000173D9F1ED80 49] iPhone11Pro, [00000173E35DBF00][00000173D9F22EC0 49] iPhone11ProMax, [00000173E4570300][00000173E2167040 49] iPhoneSE2, [00000173E35D9500][00000173E216B1C0 49] iPhone12Mini, [00000173E4573600][00000173E216F340 49] iPhone12, [00000173E35DB800][00000173D9F134C0 49] iPhone12Pro, [00000173E4572A00][00000173D9F1B640 49] iPhone12ProMax, [00000173E35DA200][00000173E217F7C0 49] iPadPro105, [00000173E4572400][00000173E45F7940 49] iPadPro129, [00000173E35D9100][00000173E45FBAC0 49] iPadPro97, [00000173E4570F00][00000173E45FE0C0 49] iPadPro2_129, [00000173E35D8800][00000173E4602240 49] iPad5, [00000173E4571C00][00000173E46063C0 49] iPad6, [00000173E35D9B00][00000173E460A540 49] iPad7, [00000173E4570D00][00000173E460E6C0 49] iPad8, [00000173E35DA300][00000173DFBBC840 49] iPadPro11, [00000173E4573C00][00000173D9FD69C0 49] iPadPro2_11, [00000173E35DBA00][00000173D9FDAB40 49] iPadPro3_129, [00000173E4573300][00000173E4612CC0 49] iPadPro4_129, [00000173E35DB500][00000173E2162E00 49] AppleTV, [00000173E4573900][00000173E4616F40 49] AppleTV4K, [00000173E35D9C00][00000173E354D080 49] TVOS, [00000173E4572700][00000173E35511C0 49] Mac, [00000173E35D9D00][00000173E3559340 49] MacClient, [00000173E4570C00][00000173E355D4C0 49] MacNoEditor, [00000173E35DB100][00000173E3561640 49] MacServer, [00000173E4573800][00000173E35657C0 49] Linux, [00000173E35DAB00][00000173E3569940 49] LinuxAArch64, [00000173E4570200][00000173E356DAC0 49] LinuxNoEditor, [00000173E35D9F00][00000173E35700C0 49] LinuxAArch64NoEditor, [00000173E368C100][00000173DFB64240 49] LinuxClient, [00000173E361B800][00000173DFB683C0 49] LinuxAArch64Client, [00000173E368D700][00000173DFB6C540 49] LinuxServer, [00000173E361AF00][00000173DFB706C0 49] LinuxAArch64Server, [00000173E368CD00][00000173DFB74840 49] Android, [00000173E361B200][00000173DFB789C0 49] Android_Low, [00000173E368DE00][00000173DFB7CB40 49] Android_Mid, [00000173E3619E00][00000173DFB80CC0 49] Android_High, [00000173E368C800][00000173DFB84E40 49] Android_Default, [00000173E3618200][00000173E3554F80 49] Android_Adreno4xx, [00000173E368D300][00000173DFB890C0 49] Android_Adreno5xx_Low, [00000173E3618300][00000173DFB8D200 49] Android_Adreno5xx, [00000173E368C700][00000173DFB91340 49] Android_Adreno6xx, [00000173E3618E00][00000173DFB994C0 49] Android_Adreno6xx_Vulkan, [00000173E368D100][00000173DFB9D640 49] Android_Mali_T6xx, [00000173E3619600][00000173DFBA17C0 49] Android_Mali_T7xx, [00000173E368D400][00000173E33A5940 49] Android_Mali_T8xx, [00000173E3618B00][00000173E33A9AC0 49] Android_Mali_G71, [00000173E368E600][00000173E33AC0C0 49] Android_Mali_G72, [00000173E3619D00][00000173E33B0240 49] Android_Mali_G72_Vulkan, [00000173E35DA400][00000173E33B43C0 49] Android_Mali_G76, [00000173E4572300][00000173E33B8540 49] Android_Mali_G76_Vulkan, [00000173E35DAA00][00000173E33BC6C0 49] Android_Mali_G77, [00000173E4570400][00000173E33C0840 49] Android_Mali_G77_Vulkan, [00000173E35D8C00][00000173E33C49C0 49] Android_Mali_G78, [00000173E4573100][00000173E33C8B40 49] Android_Mali_G78_Vulkan, [00000173E35DA500][00000173E33CCCC0 49] Android_Mali_G710, [00000173E4571F00][00000173E33D0E40 49] Android_Mali_G710_Vulkan, [00000173E368E900][00000173E33D4FC0 49] Android_Vulkan_SM5, [00000173E4572000][00000173E33D9140 49] Android_PowerVR_G6xxx, [00000173E368CC00][00000173DFB95280 49] Android_PowerVR_GT7xxx, [00000173E4573400][00000173E33DD3C0 49] Android_PowerVR_GE8xxx, [00000173E368E500][00000173E33E1500 49] Android_PowerVR_GM9xxx, [00000173E4571900][00000173E33E9680 49] Android_PowerVR_GM9xxx_Vulkan, [00000173E368E300][00000173E33ED800 49] Android_TegraK1, [00000173E4570B00][00000173E33F1980 49] Android_Unknown_Vulkan, [00000173E368D000][00000173E33F5B00 49] Lumin, [00000173E4572500][00000173E33F8100 49] Lumin_Desktop, [00000173E368C400][00000173E33FC280 49] HoloLens, 
[2023.10.14-23.12.39:110][  0]LogMeshReduction: Using QuadricMeshReduction for automatic static mesh reduction
[2023.10.14-23.12.39:110][  0]LogMeshReduction: Using SimplygonMeshReduction for automatic skeletal mesh reduction
[2023.10.14-23.12.39:110][  0]LogMeshReduction: Using ProxyLODMeshReduction for automatic mesh merging
[2023.10.14-23.12.39:110][  0]LogMeshReduction: No distributed automatic mesh merging module available
[2023.10.14-23.12.39:110][  0]LogMeshMerging: No distributed automatic mesh merging module available
[2023.10.14-23.12.39:122][  0]LogNetVersion: MyProject 1.0.0, NetCL: 17155196, EngineNetVer: 17, GameNetVer: 0 (Checksum: 3629800737)
[2023.10.14-23.12.39:435][  0]LogTexture: Default maximum texture size for cubemaps generated from long-lat sources has been changed from 512 to unlimited. In order to preserve old behaiour for '/Engine/MapTemplates/Sky/DaylightAmbientCubemap.DaylightAmbientCubemap', its maximum texture size has been explicitly set to 512.
[2023.10.14-23.12.39:483][  0]LogHMD: PokeAHoleMaterial loaded successfully
[2023.10.14-23.12.39:488][  0]LogUObjectArray: 17178 objects as part of root set at end of initial load.
[2023.10.14-23.12.39:488][  0]LogUObjectAllocator: 4302048 out of 0 bytes used by permanent object pool.
[2023.10.14-23.12.39:488][  0]LogUObjectArray: CloseDisregardForGC: 0/0 objects in disregard for GC pool
[2023.10.14-23.12.39:707][  0]LogNiagaraDebuggerClient: Niagara Debugger Client Initialized | Session: 735329DB46B413D233C571AEDD399471 | Instance: 59BF1B2C49DC07616C93D7A6B230DEC0 (DESKTOP-LENE5UI-24148).
[2023.10.14-23.12.39:737][  0]LogPython: Using Python 3.7.7
[2023.10.14-23.12.40:276][  0]LogTcpMessaging: Initializing TcpMessaging bridge
[2023.10.14-23.12.40:283][  0]LogUdpMessaging: Initializing bridge on interface 0.0.0.0:0 to multicast group 230.0.0.1:6666.
[2023.10.14-23.12.41:244][  0]LogWindows: Error: === Critical error: ===
[2023.10.14-23.12.41:244][  0]LogWindows: Error: 
[2023.10.14-23.12.41:244][  0]LogWindows: Error: Fatal error!
[2023.10.14-23.12.41:244][  0]LogWindows: Error: 
[2023.10.14-23.12.41:244][  0]LogWindows: Error: Unhandled Exception: EXCEPTION_ACCESS_VIOLATION reading address 0x0000000000000bb0
[2023.10.14-23.12.41:244][  0]LogWindows: Error: 
[2023.10.14-23.12.41:244][  0]LogWindows: Error: [Callstack] 0x00007ffbaadf62ff UE4Editor-Engine.dll!UnknownFunction []
[2023.10.14-23.12.41:245][  0]LogWindows: Error: [Callstack] 0x00007ffb25aa22c1 UE4Editor-MyProject-0018.dll!APO_Sphere::APO_Sphere() [D:\Physics Simulation\PhysicsSimulation\Unreal Physics Project\MyProject\Source\MyProject\PO_Sphere.cpp:31]
[2023.10.14-23.12.41:245][  0]LogWindows: Error: [Callstack] 0x00007ffbb09b61d3 UE4Editor-CoreUObject.dll!UnknownFunction []
[2023.10.14-23.12.41:245][  0]LogWindows: Error: [Callstack] 0x00007ffbb0cd8faf UE4Editor-CoreUObject.dll!UnknownFunction []
[2023.10.14-23.12.41:245][  0]LogWindows: Error: [Callstack] 0x00007ffbb0cb5411 UE4Editor-CoreUObject.dll!UnknownFunction []
[2023.10.14-23.12.41:245][  0]LogWindows: Error: [Callstack] 0x00007ffbb0b7ddc5 UE4Editor-CoreUObject.dll!UnknownFunction []
[2023.10.14-23.12.41:245][  0]LogWindows: Error: [Callstack] 0x00007ffbaf2f1bea UE4Editor-Core.dll!UnknownFunction []
[2023.10.14-23.12.41:245][  0]LogWindows: Error: [Callstack] 0x00007ffbaf3115a3 UE4Editor-Core.dll!UnknownFunction []
[2023.10.14-23.12.41:245][  0]LogWindows: Error: [Callstack] 0x00007ffbcc3d6433 UE4Editor-Projects.dll!UnknownFunction []
[2023.10.14-23.12.41:245][  0]LogWindows: Error: [Callstack] 0x00007ffbcc3d674f UE4Editor-Projects.dll!UnknownFunction []
[2023.10.14-23.12.41:245][  0]LogWindows: Error: [Callstack] 0x00007ff73e3a5642 UE4Editor.exe!UnknownFunction []
[2023.10.14-23.12.41:245][  0]LogWindows: Error: [Callstack] 0x00007ff73e3a9000 UE4Editor.exe!UnknownFunction []
[2023.10.14-23.12.41:245][  0]LogWindows: Error: [Callstack] 0x00007ff73e3a0d2c UE4Editor.exe!UnknownFunction []
[2023.10.14-23.12.41:245][  0]LogWindows: Error: [Callstack] 0x00007ff73e3a10ba UE4Editor.exe!UnknownFunction []
[2023.10.14-23.12.41:245][  0]LogWindows: Error: [Callstack] 0x00007ff73e3a40dd UE4Editor.exe!UnknownFunction []
[2023.10.14-23.12.41:245][  0]LogWindows: Error: [Callstack] 0x00007ff73e3b5984 UE4Editor.exe!UnknownFunction []
[2023.10.14-23.12.41:245][  0]LogWindows: Error: [Callstack] 0x00007ff73e3b853a UE4Editor.exe!UnknownFunction []
[2023.10.14-23.12.41:245][  0]LogWindows: Error: [Callstack] 0x00007ffbf61f7344 KERNEL32.DLL!UnknownFunction []
[2023.10.14-23.12.41:245][  0]LogWindows: Error: [Callstack] 0x00007ffbf7d226b1 ntdll.dll!UnknownFunction []
[2023.10.14-23.12.41:245][  0]LogWindows: Error: 
[2023.10.14-23.12.41:266][  0]LogExit: Executing StaticShutdownAfterError
[2023.10.14-23.12.41:267][  0]LogWindows: FPlatformMisc::RequestExit(1)
[2023.10.14-23.12.41:267][  0]LogWindows: FPlatformMisc::RequestExitWithStatus(1, 3)
[2023.10.14-23.12.41:267][  0]LogCore: Engine exit requested (reason: Win RequestExit)
[2023.10.14-23.12.41:288][  0]Log file closed, 10/15/23 00:12:41
